  [1m[35m (284.4ms)[0m  [1m[35mCREATE DATABASE "team_api_development" ENCODING = 'unicode'[0m
  [1m[35m (104.6ms)[0m  [1m[35mCREATE DATABASE "team_api_test" ENCODING = 'unicode'[0m
  [1m[35m (12.0ms)[0m  [1m[35mCREATE TABLE "schema_migrations" ("version" character varying NOT NULL PRIMARY KEY)[0m
  [1m[35m (19.4ms)[0m  [1m[35mCREATE TABLE "ar_internal_metadata" ("key" character varying NOT NULL PRIMARY KEY, "value" character varying, "created_at" timestamp(6) NOT NULL, "updated_at" timestamp(6) NOT NULL)[0m
  [1m[35m (0.7ms)[0m  [1m[34mSELECT pg_try_advisory_lock(4754250696820776690)[0m
  [1m[36mActiveRecord::SchemaMigration Pluck (0.9ms)[0m  [1m[34mSELECT "schema_migrations"."version" FROM "schema_migrations" ORDER BY "schema_migrations"."version" ASC[0m
Migrating to CreateStudents (20221227014405)
  [1m[36mTRANSACTION (8.5ms)[0m  [1m[35mBEGIN[0m
  [1m[35m (3.6ms)[0m  [1m[35mCREATE TABLE "students" ("id" bigserial primary key, "first_name" character varying, "last_name" character varying, "email" character varying, "phone_number" integer, "short_bio" text, "linkedin_url" character varying, "twitter_handle" character varying, "personal_site_url" character varying, "online_resume_url" character varying, "github_url" character varying, "photo_url" character varying, "created_at" timestamp(6) NOT NULL, "updated_at" timestamp(6) NOT NULL)[0m
  [1m[36mActiveRecord::SchemaMigration Create (0.5ms)[0m  [1m[32mINSERT INTO "schema_migrations" ("version") VALUES ($1) RETURNING "version"[0m  [["version", "20221227014405"]]
  [1m[36mTRANSACTION (0.4ms)[0m  [1m[35mCOMMIT[0m
  [1m[36mActiveRecord::InternalMetadata Load (0.2ms)[0m  [1m[34mSELECT "ar_internal_metadata".* FROM "ar_internal_metadata" WHERE "ar_internal_metadata"."key" = $1 LIMIT $2[0m  [["key", "environment"], ["LIMIT", 1]]
  [1m[36mTRANSACTION (0.2ms)[0m  [1m[35mBEGIN[0m
  [1m[36mActiveRecord::InternalMetadata Create (0.8ms)[0m  [1m[32mINSERT INTO "ar_internal_metadata" ("key", "value", "created_at", "updated_at") VALUES ($1, $2, $3, $4) RETURNING "key"[0m  [["key", "environment"], ["value", "development"], ["created_at", "2022-12-27 01:45:15.227639"], ["updated_at", "2022-12-27 01:45:15.227639"]]
  [1m[36mTRANSACTION (0.9ms)[0m  [1m[35mCOMMIT[0m
  [1m[35m (0.4ms)[0m  [1m[34mSELECT pg_advisory_unlock(4754250696820776690)[0m
  [1m[36mActiveRecord::SchemaMigration Pluck (0.8ms)[0m  [1m[34mSELECT "schema_migrations"."version" FROM "schema_migrations" ORDER BY "schema_migrations"."version" ASC[0m
  [1m[35m (0.2ms)[0m  [1m[34mSELECT pg_try_advisory_lock(4754250696820776690)[0m
  [1m[36mActiveRecord::SchemaMigration Pluck (0.6ms)[0m  [1m[34mSELECT "schema_migrations"."version" FROM "schema_migrations" ORDER BY "schema_migrations"."version" ASC[0m
Migrating to CreateEducations (20221227014915)
  [1m[36mTRANSACTION (0.1ms)[0m  [1m[35mBEGIN[0m
  [1m[35m (3.9ms)[0m  [1m[35mCREATE TABLE "educations" ("id" bigserial primary key, "start_date" date, "end_date" date, "degree" character varying, "university_name" character varying, "details" text, "created_at" timestamp(6) NOT NULL, "updated_at" timestamp(6) NOT NULL)[0m
  [1m[36mActiveRecord::SchemaMigration Create (0.3ms)[0m  [1m[32mINSERT INTO "schema_migrations" ("version") VALUES ($1) RETURNING "version"[0m  [["version", "20221227014915"]]
  [1m[36mTRANSACTION (0.5ms)[0m  [1m[35mCOMMIT[0m
Migrating to CreateSkills (20221227015004)
  [1m[36mTRANSACTION (0.2ms)[0m  [1m[35mBEGIN[0m
  [1m[35m (4.1ms)[0m  [1m[35mCREATE TABLE "skills" ("id" bigserial primary key, "skill_name" character varying, "created_at" timestamp(6) NOT NULL, "updated_at" timestamp(6) NOT NULL)[0m
  [1m[36mActiveRecord::SchemaMigration Create (17.0ms)[0m  [1m[32mINSERT INTO "schema_migrations" ("version") VALUES ($1) RETURNING "version"[0m  [["version", "20221227015004"]]
  [1m[36mTRANSACTION (0.5ms)[0m  [1m[35mCOMMIT[0m
Migrating to CreateCapstones (20221227015030)
  [1m[36mTRANSACTION (0.2ms)[0m  [1m[35mBEGIN[0m
  [1m[35m (2.7ms)[0m  [1m[35mCREATE TABLE "capstones" ("id" bigserial primary key, "name" character varying, "description" text, "url" character varying, "screenshot" character varying, "created_at" timestamp(6) NOT NULL, "updated_at" timestamp(6) NOT NULL)[0m
  [1m[36mActiveRecord::SchemaMigration Create (0.2ms)[0m  [1m[32mINSERT INTO "schema_migrations" ("version") VALUES ($1) RETURNING "version"[0m  [["version", "20221227015030"]]
  [1m[36mTRANSACTION (0.3ms)[0m  [1m[35mCOMMIT[0m
  [1m[36mActiveRecord::InternalMetadata Load (0.4ms)[0m  [1m[34mSELECT "ar_internal_metadata".* FROM "ar_internal_metadata" WHERE "ar_internal_metadata"."key" = $1 LIMIT $2[0m  [["key", "environment"], ["LIMIT", 1]]
  [1m[35m (0.3ms)[0m  [1m[34mSELECT pg_advisory_unlock(4754250696820776690)[0m
  [1m[36mActiveRecord::SchemaMigration Pluck (0.5ms)[0m  [1m[34mSELECT "schema_migrations"."version" FROM "schema_migrations" ORDER BY "schema_migrations"."version" ASC[0m
  [1m[35m (158.3ms)[0m  [1m[35mCREATE DATABASE "team_api_development" ENCODING = 'unicode'[0m
  [1m[35m (46.1ms)[0m  [1m[35mCREATE DATABASE "team_api_test" ENCODING = 'unicode'[0m
  [1m[35m (6.5ms)[0m  [1m[35mCREATE TABLE "schema_migrations" ("version" character varying NOT NULL PRIMARY KEY)[0m
  [1m[35m (5.5ms)[0m  [1m[35mCREATE TABLE "ar_internal_metadata" ("key" character varying NOT NULL PRIMARY KEY, "value" character varying, "created_at" timestamp(6) NOT NULL, "updated_at" timestamp(6) NOT NULL)[0m
  [1m[35m (0.3ms)[0m  [1m[34mSELECT pg_try_advisory_lock(4754250696820776690)[0m
  [1m[36mActiveRecord::SchemaMigration Pluck (0.4ms)[0m  [1m[34mSELECT "schema_migrations"."version" FROM "schema_migrations" ORDER BY "schema_migrations"."version" ASC[0m
Migrating to CreateStudents (20221227014405)
  [1m[36mTRANSACTION (0.1ms)[0m  [1m[35mBEGIN[0m
  [1m[35m (3.6ms)[0m  [1m[35mCREATE TABLE "students" ("id" bigserial primary key, "first_name" character varying, "last_name" character varying, "email" character varying, "phone_number" integer, "short_bio" text, "linkedin_url" character varying, "twitter_handle" character varying, "personal_site_url" character varying, "online_resume_url" character varying, "github_url" character varying, "photo_url" character varying, "created_at" timestamp(6) NOT NULL, "updated_at" timestamp(6) NOT NULL)[0m
  [1m[36mActiveRecord::SchemaMigration Create (0.4ms)[0m  [1m[32mINSERT INTO "schema_migrations" ("version") VALUES ($1) RETURNING "version"[0m  [["version", "20221227014405"]]
  [1m[36mTRANSACTION (3.4ms)[0m  [1m[35mCOMMIT[0m
Migrating to CreateEducations (20221227014915)
  [1m[36mTRANSACTION (0.2ms)[0m  [1m[35mBEGIN[0m
  [1m[35m (2.9ms)[0m  [1m[35mCREATE TABLE "educations" ("id" bigserial primary key, "start_date" date, "end_date" date, "degree" character varying, "university_name" character varying, "details" text, "created_at" timestamp(6) NOT NULL, "updated_at" timestamp(6) NOT NULL)[0m
  [1m[36mActiveRecord::SchemaMigration Create (0.1ms)[0m  [1m[32mINSERT INTO "schema_migrations" ("version") VALUES ($1) RETURNING "version"[0m  [["version", "20221227014915"]]
  [1m[36mTRANSACTION (0.3ms)[0m  [1m[35mCOMMIT[0m
Migrating to CreateSkills (20221227015004)
  [1m[36mTRANSACTION (0.2ms)[0m  [1m[35mBEGIN[0m
  [1m[35m (3.3ms)[0m  [1m[35mCREATE TABLE "skills" ("id" bigserial primary key, "skill_name" character varying, "created_at" timestamp(6) NOT NULL, "updated_at" timestamp(6) NOT NULL)[0m
  [1m[36mActiveRecord::SchemaMigration Create (0.1ms)[0m  [1m[32mINSERT INTO "schema_migrations" ("version") VALUES ($1) RETURNING "version"[0m  [["version", "20221227015004"]]
  [1m[36mTRANSACTION (0.4ms)[0m  [1m[35mCOMMIT[0m
Migrating to CreateCapstones (20221227015030)
  [1m[36mTRANSACTION (0.2ms)[0m  [1m[35mBEGIN[0m
  [1m[35m (3.7ms)[0m  [1m[35mCREATE TABLE "capstones" ("id" bigserial primary key, "name" character varying, "description" text, "url" character varying, "screenshot" character varying, "created_at" timestamp(6) NOT NULL, "updated_at" timestamp(6) NOT NULL)[0m
  [1m[36mActiveRecord::SchemaMigration Create (0.2ms)[0m  [1m[32mINSERT INTO "schema_migrations" ("version") VALUES ($1) RETURNING "version"[0m  [["version", "20221227015030"]]
  [1m[36mTRANSACTION (0.2ms)[0m  [1m[35mCOMMIT[0m
  [1m[36mActiveRecord::InternalMetadata Load (0.4ms)[0m  [1m[34mSELECT "ar_internal_metadata".* FROM "ar_internal_metadata" WHERE "ar_internal_metadata"."key" = $1 LIMIT $2[0m  [["key", "environment"], ["LIMIT", 1]]
  [1m[36mTRANSACTION (0.1ms)[0m  [1m[35mBEGIN[0m
  [1m[36mActiveRecord::InternalMetadata Create (0.4ms)[0m  [1m[32mINSERT INTO "ar_internal_metadata" ("key", "value", "created_at", "updated_at") VALUES ($1, $2, $3, $4) RETURNING "key"[0m  [["key", "environment"], ["value", "development"], ["created_at", "2022-12-27 01:54:23.707038"], ["updated_at", "2022-12-27 01:54:23.707038"]]
  [1m[36mTRANSACTION (0.2ms)[0m  [1m[35mCOMMIT[0m
  [1m[35m (0.2ms)[0m  [1m[34mSELECT pg_advisory_unlock(4754250696820776690)[0m
  [1m[36mActiveRecord::SchemaMigration Pluck (0.9ms)[0m  [1m[34mSELECT "schema_migrations"."version" FROM "schema_migrations" ORDER BY "schema_migrations"."version" ASC[0m
  [1m[35m (0.1ms)[0m  [1m[34mSELECT pg_try_advisory_lock(4754250696820776690)[0m
  [1m[36mActiveRecord::SchemaMigration Pluck (0.5ms)[0m  [1m[34mSELECT "schema_migrations"."version" FROM "schema_migrations" ORDER BY "schema_migrations"."version" ASC[0m
Migrating to CreateExperiences (20221227020115)
  [1m[36mTRANSACTION (0.1ms)[0m  [1m[35mBEGIN[0m
  [1m[35m (4.8ms)[0m  [1m[35mCREATE TABLE "experiences" ("id" bigserial primary key, "start_date" date, "end_date" date, "job_title" character varying, "company_name" character varying, "details" text, "user_id" integer, "created_at" timestamp(6) NOT NULL, "updated_at" timestamp(6) NOT NULL)[0m
  [1m[36mActiveRecord::SchemaMigration Create (0.2ms)[0m  [1m[32mINSERT INTO "schema_migrations" ("version") VALUES ($1) RETURNING "version"[0m  [["version", "20221227020115"]]
  [1m[36mTRANSACTION (0.3ms)[0m  [1m[35mCOMMIT[0m
  [1m[36mActiveRecord::InternalMetadata Load (0.3ms)[0m  [1m[34mSELECT "ar_internal_metadata".* FROM "ar_internal_metadata" WHERE "ar_internal_metadata"."key" = $1 LIMIT $2[0m  [["key", "environment"], ["LIMIT", 1]]
  [1m[35m (0.1ms)[0m  [1m[34mSELECT pg_advisory_unlock(4754250696820776690)[0m
  [1m[36mActiveRecord::SchemaMigration Pluck (0.9ms)[0m  [1m[34mSELECT "schema_migrations"."version" FROM "schema_migrations" ORDER BY "schema_migrations"."version" ASC[0m
Started POST "/students.json" for 127.0.0.1 at 2022-12-26 21:15:50 -0500
  [1m[36mActiveRecord::SchemaMigration Pluck (0.7ms)[0m  [1m[34mSELECT "schema_migrations"."version" FROM "schema_migrations" ORDER BY "schema_migrations"."version" ASC[0m
Processing by StudentsController#create as JSON
  Parameters: {"first_name"=>"Test", "last_name"=>"Name", "email"=>"test@test.com", "password"=>"[FILTERED]", "password_confirmation"=>"[FILTERED]", "student"=>{"first_name"=>"Test", "last_name"=>"Name", "email"=>"test@test.com"}}
Completed 500 Internal Server Error in 285ms (ActiveRecord: 46.9ms | Allocations: 16502)


  
NoMethodError (undefined method `password_digest=' for #<Student id: nil, first_name: "Test", last_name: "Name", email: "test@test.com", phone_number: nil, short_bio: nil, linkedin_url: nil, twitter_handle: nil, personal_site_url: nil, online_resume_url: nil, github_url: nil, photo_url: nil, created_at: nil, updated_at: nil>
Did you mean?  password=):
  
app/controllers/students_controller.rb:3:in `create'
  [1m[35m (0.1ms)[0m  [1m[34mSELECT pg_try_advisory_lock(4754250696820776690)[0m
  [1m[36mActiveRecord::SchemaMigration Pluck (0.8ms)[0m  [1m[34mSELECT "schema_migrations"."version" FROM "schema_migrations" ORDER BY "schema_migrations"."version" ASC[0m
Migrating to AddPasswordToStudent (20221227021822)
  [1m[36mTRANSACTION (0.1ms)[0m  [1m[35mBEGIN[0m
  [1m[35m (5.0ms)[0m  [1m[35mALTER TABLE "students" ADD "password" character varying[0m
  [1m[35m (0.1ms)[0m  [1m[35mALTER TABLE "students" ADD "password_digest" character varying[0m
  [1m[36mActiveRecord::SchemaMigration Create (0.1ms)[0m  [1m[32mINSERT INTO "schema_migrations" ("version") VALUES ($1) RETURNING "version"[0m  [["version", "20221227021822"]]
  [1m[36mTRANSACTION (4.8ms)[0m  [1m[35mCOMMIT[0m
  [1m[36mActiveRecord::InternalMetadata Load (0.3ms)[0m  [1m[34mSELECT "ar_internal_metadata".* FROM "ar_internal_metadata" WHERE "ar_internal_metadata"."key" = $1 LIMIT $2[0m  [["key", "environment"], ["LIMIT", 1]]
  [1m[35m (0.1ms)[0m  [1m[34mSELECT pg_advisory_unlock(4754250696820776690)[0m
  [1m[36mActiveRecord::SchemaMigration Pluck (0.5ms)[0m  [1m[34mSELECT "schema_migrations"."version" FROM "schema_migrations" ORDER BY "schema_migrations"."version" ASC[0m
Started POST "/students.json" for 127.0.0.1 at 2022-12-26 21:20:29 -0500
  [1m[36mActiveRecord::SchemaMigration Pluck (0.5ms)[0m  [1m[34mSELECT "schema_migrations"."version" FROM "schema_migrations" ORDER BY "schema_migrations"."version" ASC[0m
Processing by StudentsController#create as JSON
  Parameters: {"first_name"=>"Test", "last_name"=>"Name", "email"=>"test@test.com", "password"=>"[FILTERED]", "password_confirmation"=>"[FILTERED]", "student"=>{"first_name"=>"Test", "last_name"=>"Name", "email"=>"test@test.com", "password"=>"[FILTERED]"}}
  [1m[36mTRANSACTION (0.1ms)[0m  [1m[35mBEGIN[0m
  ↳ app/controllers/students_controller.rb:11:in `create'
  [1m[36mStudent Exists? (4.7ms)[0m  [1m[34mSELECT 1 AS one FROM "students" WHERE "students"."email" = $1 LIMIT $2[0m  [["email", "test@test.com"], ["LIMIT", 1]]
  ↳ app/controllers/students_controller.rb:11:in `create'
  [1m[36mStudent Create (2.4ms)[0m  [1m[32mINSERT INTO "students" ("first_name", "last_name", "email", "phone_number", "short_bio", "linkedin_url", "twitter_handle", "personal_site_url", "online_resume_url", "github_url", "photo_url", "created_at", "updated_at", "password", "password_digest") VALUES ($1, $2, $3, $4, $5, $6, $7, $8, $9, $10, $11, $12, $13, $14, $15) RETURNING "id"[0m  [["first_name", "Test"], ["last_name", "Name"], ["email", "test@test.com"], ["phone_number", nil], ["short_bio", nil], ["linkedin_url", nil], ["twitter_handle", nil], ["personal_site_url", nil], ["online_resume_url", nil], ["github_url", nil], ["photo_url", nil], ["created_at", "2022-12-27 02:20:29.867813"], ["updated_at", "2022-12-27 02:20:29.867813"], ["password", "[FILTERED]"], ["password_digest", "[FILTERED]"]]
  ↳ app/controllers/students_controller.rb:11:in `create'
  [1m[36mTRANSACTION (0.5ms)[0m  [1m[35mCOMMIT[0m
  ↳ app/controllers/students_controller.rb:11:in `create'
Completed 201 Created in 260ms (Views: 0.2ms | ActiveRecord: 11.4ms | Allocations: 15232)


<<<<<<< HEAD
Started GET "/" for ::1 at 2022-12-27 18:33:15 -0600
  [1m[36mActiveRecord::SchemaMigration Pluck (1.8ms)[0m  [1m[34mSELECT "schema_migrations"."version" FROM "schema_migrations" ORDER BY "schema_migrations"."version" ASC[0m
  [1m[36mCACHE ActiveRecord::SchemaMigration Pluck (0.0ms)[0m  [1m[34mSELECT "schema_migrations"."version" FROM "schema_migrations" ORDER BY "schema_migrations"."version" ASC[0m
  
ActiveRecord::PendingMigrationError (

Migrations are pending. To resolve this issue, run:

        bin/rails db:migrate RAILS_ENV=development

You have 2 pending migrations:

20221227020115_create_experiences.rb
20221227021822_add_password_to_student.rb


):
  
activerecord (7.0.4) lib/active_record/migration.rb:627:in `check_pending!'
activerecord (7.0.4) lib/active_record/migration.rb:592:in `block (2 levels) in call'
activesupport (7.0.4) lib/active_support/file_update_checker.rb:83:in `execute'
activerecord (7.0.4) lib/active_record/migration.rb:597:in `block in call'
activerecord (7.0.4) lib/active_record/migration.rb:589:in `synchronize'
activerecord (7.0.4) lib/active_record/migration.rb:589:in `call'
actionpack (7.0.4) lib/action_dispatch/middleware/callbacks.rb:27:in `block in call'
activesupport (7.0.4) lib/active_support/callbacks.rb:99:in `run_callbacks'
actionpack (7.0.4) lib/action_dispatch/middleware/callbacks.rb:26:in `call'
actionpack (7.0.4) lib/action_dispatch/middleware/executor.rb:14:in `call'
actionpack (7.0.4) lib/action_dispatch/middleware/actionable_exceptions.rb:17:in `call'
actionpack (7.0.4) lib/action_dispatch/middleware/debug_exceptions.rb:28:in `call'
actionpack (7.0.4) lib/action_dispatch/middleware/show_exceptions.rb:26:in `call'
railties (7.0.4) lib/rails/rack/logger.rb:40:in `call_app'
railties (7.0.4) lib/rails/rack/logger.rb:25:in `block in call'
activesupport (7.0.4) lib/active_support/tagged_logging.rb:99:in `block in tagged'
activesupport (7.0.4) lib/active_support/tagged_logging.rb:37:in `tagged'
activesupport (7.0.4) lib/active_support/tagged_logging.rb:99:in `tagged'
railties (7.0.4) lib/rails/rack/logger.rb:25:in `call'
actionpack (7.0.4) lib/action_dispatch/middleware/remote_ip.rb:93:in `call'
actionpack (7.0.4) lib/action_dispatch/middleware/request_id.rb:26:in `call'
rack (2.2.5) lib/rack/runtime.rb:22:in `call'
activesupport (7.0.4) lib/active_support/cache/strategy/local_cache_middleware.rb:29:in `call'
actionpack (7.0.4) lib/action_dispatch/middleware/server_timing.rb:61:in `block in call'
actionpack (7.0.4) lib/action_dispatch/middleware/server_timing.rb:26:in `collect_events'
actionpack (7.0.4) lib/action_dispatch/middleware/server_timing.rb:60:in `call'
actionpack (7.0.4) lib/action_dispatch/middleware/executor.rb:14:in `call'
actionpack (7.0.4) lib/action_dispatch/middleware/static.rb:23:in `call'
rack (2.2.5) lib/rack/sendfile.rb:110:in `call'
actionpack (7.0.4) lib/action_dispatch/middleware/host_authorization.rb:137:in `call'
railties (7.0.4) lib/rails/engine.rb:530:in `call'
puma (5.6.5) lib/puma/configuration.rb:252:in `call'
puma (5.6.5) lib/puma/request.rb:77:in `block in handle_request'
puma (5.6.5) lib/puma/thread_pool.rb:340:in `with_force_shutdown'
puma (5.6.5) lib/puma/request.rb:76:in `handle_request'
puma (5.6.5) lib/puma/server.rb:443:in `process_client'
puma (5.6.5) lib/puma/thread_pool.rb:147:in `block in spawn_thread'
Started GET "/favicon.ico" for ::1 at 2022-12-27 18:33:15 -0600
  [1m[36mActiveRecord::SchemaMigration Pluck (0.2ms)[0m  [1m[34mSELECT "schema_migrations"."version" FROM "schema_migrations" ORDER BY "schema_migrations"."version" ASC[0m
  [1m[36mCACHE ActiveRecord::SchemaMigration Pluck (0.0ms)[0m  [1m[34mSELECT "schema_migrations"."version" FROM "schema_migrations" ORDER BY "schema_migrations"."version" ASC[0m
  
ActiveRecord::PendingMigrationError (

Migrations are pending. To resolve this issue, run:

        bin/rails db:migrate RAILS_ENV=development

You have 2 pending migrations:

20221227020115_create_experiences.rb
20221227021822_add_password_to_student.rb


):
  
activerecord (7.0.4) lib/active_record/migration.rb:627:in `check_pending!'
activerecord (7.0.4) lib/active_record/migration.rb:592:in `block (2 levels) in call'
activesupport (7.0.4) lib/active_support/file_update_checker.rb:83:in `execute'
activerecord (7.0.4) lib/active_record/migration.rb:597:in `block in call'
activerecord (7.0.4) lib/active_record/migration.rb:589:in `synchronize'
activerecord (7.0.4) lib/active_record/migration.rb:589:in `call'
actionpack (7.0.4) lib/action_dispatch/middleware/callbacks.rb:27:in `block in call'
activesupport (7.0.4) lib/active_support/callbacks.rb:99:in `run_callbacks'
actionpack (7.0.4) lib/action_dispatch/middleware/callbacks.rb:26:in `call'
actionpack (7.0.4) lib/action_dispatch/middleware/executor.rb:14:in `call'
actionpack (7.0.4) lib/action_dispatch/middleware/actionable_exceptions.rb:17:in `call'
actionpack (7.0.4) lib/action_dispatch/middleware/debug_exceptions.rb:28:in `call'
actionpack (7.0.4) lib/action_dispatch/middleware/show_exceptions.rb:26:in `call'
railties (7.0.4) lib/rails/rack/logger.rb:40:in `call_app'
railties (7.0.4) lib/rails/rack/logger.rb:25:in `block in call'
activesupport (7.0.4) lib/active_support/tagged_logging.rb:99:in `block in tagged'
activesupport (7.0.4) lib/active_support/tagged_logging.rb:37:in `tagged'
activesupport (7.0.4) lib/active_support/tagged_logging.rb:99:in `tagged'
railties (7.0.4) lib/rails/rack/logger.rb:25:in `call'
actionpack (7.0.4) lib/action_dispatch/middleware/remote_ip.rb:93:in `call'
actionpack (7.0.4) lib/action_dispatch/middleware/request_id.rb:26:in `call'
rack (2.2.5) lib/rack/runtime.rb:22:in `call'
activesupport (7.0.4) lib/active_support/cache/strategy/local_cache_middleware.rb:29:in `call'
actionpack (7.0.4) lib/action_dispatch/middleware/server_timing.rb:61:in `block in call'
actionpack (7.0.4) lib/action_dispatch/middleware/server_timing.rb:26:in `collect_events'
actionpack (7.0.4) lib/action_dispatch/middleware/server_timing.rb:60:in `call'
actionpack (7.0.4) lib/action_dispatch/middleware/executor.rb:14:in `call'
actionpack (7.0.4) lib/action_dispatch/middleware/static.rb:23:in `call'
rack (2.2.5) lib/rack/sendfile.rb:110:in `call'
actionpack (7.0.4) lib/action_dispatch/middleware/host_authorization.rb:137:in `call'
railties (7.0.4) lib/rails/engine.rb:530:in `call'
puma (5.6.5) lib/puma/configuration.rb:252:in `call'
puma (5.6.5) lib/puma/request.rb:77:in `block in handle_request'
puma (5.6.5) lib/puma/thread_pool.rb:340:in `with_force_shutdown'
puma (5.6.5) lib/puma/request.rb:76:in `handle_request'
puma (5.6.5) lib/puma/server.rb:443:in `process_client'
puma (5.6.5) lib/puma/thread_pool.rb:147:in `block in spawn_thread'
  [1m[35m (0.4ms)[0m  [1m[34mSELECT pg_try_advisory_lock(4754250696820776690)[0m
  [1m[36mActiveRecord::SchemaMigration Pluck (0.5ms)[0m  [1m[34mSELECT "schema_migrations"."version" FROM "schema_migrations" ORDER BY "schema_migrations"."version" ASC[0m
Migrating to CreateExperiences (20221227020115)
  [1m[36mTRANSACTION (0.2ms)[0m  [1m[35mBEGIN[0m
  [1m[35m (39.0ms)[0m  [1m[35mCREATE TABLE "experiences" ("id" bigserial primary key, "start_date" date, "end_date" date, "job_title" character varying, "company_name" character varying, "details" text, "user_id" integer, "created_at" timestamp(6) NOT NULL, "updated_at" timestamp(6) NOT NULL)[0m
  [1m[36mActiveRecord::SchemaMigration Create (0.3ms)[0m  [1m[32mINSERT INTO "schema_migrations" ("version") VALUES ($1) RETURNING "version"[0m  [["version", "20221227020115"]]
  [1m[36mTRANSACTION (0.8ms)[0m  [1m[35mCOMMIT[0m
Migrating to AddPasswordToStudent (20221227021822)
  [1m[36mTRANSACTION (0.2ms)[0m  [1m[35mBEGIN[0m
  [1m[35m (3.8ms)[0m  [1m[35mALTER TABLE "students" ADD "password" character varying[0m
  [1m[35m (0.2ms)[0m  [1m[35mALTER TABLE "students" ADD "password_digest" character varying[0m
  [1m[36mActiveRecord::SchemaMigration Create (0.2ms)[0m  [1m[32mINSERT INTO "schema_migrations" ("version") VALUES ($1) RETURNING "version"[0m  [["version", "20221227021822"]]
  [1m[36mTRANSACTION (0.3ms)[0m  [1m[35mCOMMIT[0m
  [1m[36mActiveRecord::InternalMetadata Load (1.1ms)[0m  [1m[34mSELECT "ar_internal_metadata".* FROM "ar_internal_metadata" WHERE "ar_internal_metadata"."key" = $1 LIMIT $2[0m  [["key", "environment"], ["LIMIT", 1]]
  [1m[35m (0.2ms)[0m  [1m[34mSELECT pg_advisory_unlock(4754250696820776690)[0m
  [1m[36mActiveRecord::SchemaMigration Pluck (0.5ms)[0m  [1m[34mSELECT "schema_migrations"."version" FROM "schema_migrations" ORDER BY "schema_migrations"."version" ASC[0m
Started GET "/" for ::1 at 2022-12-27 18:33:39 -0600
  [1m[36mActiveRecord::SchemaMigration Pluck (0.1ms)[0m  [1m[34mSELECT "schema_migrations"."version" FROM "schema_migrations" ORDER BY "schema_migrations"."version" ASC[0m
Processing by Rails::WelcomeController#index as HTML
  Rendering /Users/evanweldon/.rbenv/versions/3.1.2/lib/ruby/gems/3.1.0/gems/railties-7.0.4/lib/rails/templates/rails/welcome/index.html.erb
  Rendered /Users/evanweldon/.rbenv/versions/3.1.2/lib/ruby/gems/3.1.0/gems/railties-7.0.4/lib/rails/templates/rails/welcome/index.html.erb (Duration: 1.0ms | Allocations: 289)
Completed 200 OK in 8ms (Views: 2.4ms | ActiveRecord: 0.0ms | Allocations: 2432)


Started POST "/students.json" for 127.0.0.1 at 2022-12-27 18:40:34 -0600
  [1m[36mActiveRecord::SchemaMigration Pluck (0.5ms)[0m  [1m[34mSELECT "schema_migrations"."version" FROM "schema_migrations" ORDER BY "schema_migrations"."version" ASC[0m
Processing by StudentsController#create as JSON
  Parameters: {"first_name"=>"Test", "last_name"=>"Name", "email"=>"test@test.com", "password"=>"[FILTERED]", "password_confirmation"=>"[FILTERED]", "student"=>{"first_name"=>"Test", "last_name"=>"Name", "email"=>"test@test.com", "password"=>"[FILTERED]"}}
  [1m[36mTRANSACTION (5.6ms)[0m  [1m[35mBEGIN[0m
  ↳ app/controllers/students_controller.rb:16:in `create'
  [1m[36mStudent Exists? (1.2ms)[0m  [1m[34mSELECT 1 AS one FROM "students" WHERE "students"."email" = $1 LIMIT $2[0m  [["email", "test@test.com"], ["LIMIT", 1]]
  ↳ app/controllers/students_controller.rb:16:in `create'
  [1m[36mStudent Create (1.6ms)[0m  [1m[32mINSERT INTO "students" ("first_name", "last_name", "email", "phone_number", "short_bio", "linkedin_url", "twitter_handle", "personal_site_url", "online_resume_url", "github_url", "photo_url", "created_at", "updated_at", "password", "password_digest") VALUES ($1, $2, $3, $4, $5, $6, $7, $8, $9, $10, $11, $12, $13, $14, $15) RETURNING "id"[0m  [["first_name", "Test"], ["last_name", "Name"], ["email", "test@test.com"], ["phone_number", nil], ["short_bio", nil], ["linkedin_url", nil], ["twitter_handle", nil], ["personal_site_url", nil], ["online_resume_url", nil], ["github_url", nil], ["photo_url", nil], ["created_at", "2022-12-28 00:40:34.511228"], ["updated_at", "2022-12-28 00:40:34.511228"], ["password", "[FILTERED]"], ["password_digest", "[FILTERED]"]]
  ↳ app/controllers/students_controller.rb:16:in `create'
  [1m[36mTRANSACTION (0.4ms)[0m  [1m[35mCOMMIT[0m
  ↳ app/controllers/students_controller.rb:16:in `create'
Completed 201 Created in 257ms (Views: 0.3ms | ActiveRecord: 12.8ms | Allocations: 15229)


Started GET "/students.json" for 127.0.0.1 at 2022-12-27 18:40:36 -0600
Processing by StudentsController#index as JSON
  [1m[36mStudent Load (0.2ms)[0m  [1m[34mSELECT "students".* FROM "students"[0m
  ↳ app/controllers/students_controller.rb:4:in `index'
Completed 200 OK in 2ms (Views: 0.2ms | ActiveRecord: 0.2ms | Allocations: 1145)


=======
Started POST "/sessions.json" for 127.0.0.1 at 2022-12-26 21:32:51 -0500
  [1m[36mActiveRecord::SchemaMigration Pluck (0.4ms)[0m  [1m[34mSELECT "schema_migrations"."version" FROM "schema_migrations" ORDER BY "schema_migrations"."version" ASC[0m
Processing by SessionsController#create as JSON
  Parameters: {"email"=>"test@test.com", "password"=>"[FILTERED]", "session"=>{"email"=>"test@test.com", "password"=>"[FILTERED]"}}
Completed 500 Internal Server Error in 3ms (ActiveRecord: 0.0ms | Allocations: 4126)


  
NameError (uninitialized constant SessionsController::User

    user = User.find_by(email: params[:email])
           ^^^^):
  
app/controllers/sessions_controller.rb:3:in `create'
Started POST "/sessions.json" for 127.0.0.1 at 2022-12-26 21:34:22 -0500
Processing by SessionsController#create as JSON
  Parameters: {"email"=>"test@test.com", "password"=>"[FILTERED]", "session"=>{"email"=>"test@test.com", "password"=>"[FILTERED]"}}
  [1m[36mStudent Load (0.3ms)[0m  [1m[34mSELECT "students".* FROM "students" WHERE "students"."email" = $1 LIMIT $2[0m  [["email", "test@test.com"], ["LIMIT", 1]]
  ↳ app/controllers/sessions_controller.rb:3:in `create'
Completed 201 Created in 250ms (Views: 0.1ms | ActiveRecord: 5.4ms | Allocations: 12705)


  [1m[35m (0.1ms)[0m  [1m[34mSELECT pg_try_advisory_lock(4754250696820776690)[0m
  [1m[36mActiveRecord::SchemaMigration Pluck (1.0ms)[0m  [1m[34mSELECT "schema_migrations"."version" FROM "schema_migrations" ORDER BY "schema_migrations"."version" ASC[0m
Migrating to AddStudentIdToAssociations (20221228002831)
  [1m[36mTRANSACTION (0.1ms)[0m  [1m[35mBEGIN[0m
  [1m[35m (6.5ms)[0m  [1m[35mALTER TABLE "experiences" DROP COLUMN "user_id"[0m
  [1m[35m (0.9ms)[0m  [1m[35mALTER TABLE "experiences" ADD "student_id" integer[0m
  [1m[35m (0.4ms)[0m  [1m[35mALTER TABLE "educations" ADD "student_id" integer[0m
  [1m[35m (0.3ms)[0m  [1m[35mALTER TABLE "capstones" ADD "student_id" integer[0m
  [1m[35m (0.2ms)[0m  [1m[35mALTER TABLE "skills" ADD "student_id" integer[0m
  [1m[36mActiveRecord::SchemaMigration Create (0.2ms)[0m  [1m[32mINSERT INTO "schema_migrations" ("version") VALUES ($1) RETURNING "version"[0m  [["version", "20221228002831"]]
  [1m[36mTRANSACTION (4.9ms)[0m  [1m[35mCOMMIT[0m
  [1m[36mActiveRecord::InternalMetadata Load (0.3ms)[0m  [1m[34mSELECT "ar_internal_metadata".* FROM "ar_internal_metadata" WHERE "ar_internal_metadata"."key" = $1 LIMIT $2[0m  [["key", "environment"], ["LIMIT", 1]]
  [1m[35m (0.1ms)[0m  [1m[34mSELECT pg_advisory_unlock(4754250696820776690)[0m
  [1m[36mActiveRecord::SchemaMigration Pluck (0.9ms)[0m  [1m[34mSELECT "schema_migrations"."version" FROM "schema_migrations" ORDER BY "schema_migrations"."version" ASC[0m
>>>>>>> 5e4db42b2c04249586503521bbc29117bd78c16d
  [1m[35m (0.1ms)[0m  [1m[34mSELECT pg_try_advisory_lock(4754250696820776690)[0m
  [1m[36mActiveRecord::SchemaMigration Pluck (0.7ms)[0m  [1m[34mSELECT "schema_migrations"."version" FROM "schema_migrations" ORDER BY "schema_migrations"."version" ASC[0m
  [1m[36mActiveRecord::InternalMetadata Load (5.3ms)[0m  [1m[34mSELECT "ar_internal_metadata".* FROM "ar_internal_metadata" WHERE "ar_internal_metadata"."key" = $1 LIMIT $2[0m  [["key", "environment"], ["LIMIT", 1]]
  [1m[35m (2.0ms)[0m  [1m[34mSELECT pg_advisory_unlock(4754250696820776690)[0m
  [1m[36mActiveRecord::SchemaMigration Pluck (0.7ms)[0m  [1m[34mSELECT "schema_migrations"."version" FROM "schema_migrations" ORDER BY "schema_migrations"."version" ASC[0m
  [1m[36mActiveRecord::SchemaMigration Pluck (0.5ms)[0m  [1m[34mSELECT "schema_migrations"."version" FROM "schema_migrations" ORDER BY "schema_migrations"."version" ASC[0m
Started GET "/" for ::1 at 2022-12-27 21:14:00 -0500
  [1m[36mActiveRecord::SchemaMigration Pluck (0.5ms)[0m  [1m[34mSELECT "schema_migrations"."version" FROM "schema_migrations" ORDER BY "schema_migrations"."version" ASC[0m
Processing by Rails::WelcomeController#index as HTML
  Rendering /Users/juliagrimes/.rbenv/versions/3.1.2/lib/ruby/gems/3.1.0/gems/railties-7.0.4/lib/rails/templates/rails/welcome/index.html.erb
  Rendered /Users/juliagrimes/.rbenv/versions/3.1.2/lib/ruby/gems/3.1.0/gems/railties-7.0.4/lib/rails/templates/rails/welcome/index.html.erb (Duration: 1.0ms | Allocations: 586)
Completed 200 OK in 8ms (Views: 3.6ms | ActiveRecord: 0.0ms | Allocations: 4510)


Started GET "/students" for ::1 at 2022-12-27 21:14:04 -0500
  
SyntaxError (/Users/juliagrimes/Documents/Actualize/team-api/app/controllers/students_controller.rb:36: syntax error, unexpected ',', expecting =>
...n_url] || student,linkedin_url,
...                              ^
/Users/juliagrimes/Documents/Actualize/team-api/app/controllers/students_controller.rb:37: syntax error, unexpected ',', expecting `end'
...dle] || student.twitter_handle,
...                              ^
/Users/juliagrimes/Documents/Actualize/team-api/app/controllers/students_controller.rb:38: syntax error, unexpected ',', expecting `end'
...] || student.personal_site_url,
...                              ^
/Users/juliagrimes/Documents/Actualize/team-api/app/controllers/students_controller.rb:39: syntax error, unexpected ',', expecting `end'
...] || student.online_resume_url,
...                              ^
/Users/juliagrimes/Documents/Actualize/team-api/app/controllers/students_controller.rb:40: syntax error, unexpected ',', expecting `end'
...hub_url] || student.github_url,
...                              ^
/Users/juliagrimes/Documents/Actualize/team-api/app/controllers/students_controller.rb:41: syntax error, unexpected ',', expecting `end'
...hoto_url] || student.photo_url,
...                              ^
):
  
app/controllers/students_controller.rb:36: syntax error, unexpected ',', expecting =>
app/controllers/students_controller.rb:37: syntax error, unexpected ',', expecting `end'
app/controllers/students_controller.rb:38: syntax error, unexpected ',', expecting `end'
app/controllers/students_controller.rb:39: syntax error, unexpected ',', expecting `end'
app/controllers/students_controller.rb:40: syntax error, unexpected ',', expecting `end'
app/controllers/students_controller.rb:41: syntax error, unexpected ',', expecting `end'
app/controllers/students_controller.rb:36: syntax error, unexpected ',', expecting =>
app/controllers/students_controller.rb:37: syntax error, unexpected ',', expecting `end'
app/controllers/students_controller.rb:38: syntax error, unexpected ',', expecting `end'
app/controllers/students_controller.rb:39: syntax error, unexpected ',', expecting `end'
app/controllers/students_controller.rb:40: syntax error, unexpected ',', expecting `end'
app/controllers/students_controller.rb:41: syntax error, unexpected ',', expecting `end'
Started GET "/students" for ::1 at 2022-12-27 21:15:14 -0500
Processing by StudentsController#index as HTML
  [1m[36mStudent Load (1.2ms)[0m  [1m[34mSELECT "students".* FROM "students"[0m
  ↳ app/controllers/students_controller.rb:4:in `index'
Completed 200 OK in 25ms (Views: 0.2ms | ActiveRecord: 7.2ms | Allocations: 13631)


  [1m[36mActiveRecord::SchemaMigration Pluck (0.5ms)[0m  [1m[34mSELECT "schema_migrations"."version" FROM "schema_migrations" ORDER BY "schema_migrations"."version" ASC[0m
  [1m[36mTRANSACTION (0.2ms)[0m  [1m[35mBEGIN[0m
  [1m[36mStudent Exists? (0.8ms)[0m  [1m[34mSELECT 1 AS one FROM "students" WHERE "students"."email" = $1 LIMIT $2[0m  [["email", "test@person.com"], ["LIMIT", 1]]
  [1m[36mStudent Create (0.7ms)[0m  [1m[32mINSERT INTO "students" ("first_name", "last_name", "email", "phone_number", "short_bio", "linkedin_url", "twitter_handle", "personal_site_url", "online_resume_url", "github_url", "photo_url", "created_at", "updated_at", "password", "password_digest") VALUES ($1, $2, $3, $4, $5, $6, $7, $8, $9, $10, $11, $12, $13, $14, $15) RETURNING "id"[0m  [["first_name", "First"], ["last_name", "Last Name"], ["email", "test@person.com"], ["phone_number", 3526], ["short_bio", "I'm a person"], ["linkedin_url", "https://www.linkedin.com/in/adam-folta/"], ["twitter_handle", "twitter"], ["personal_site_url", "site"], ["online_resume_url", "https://via.placeholder.com/150"], ["github_url", "afolta"], ["photo_url", "photo"], ["created_at", "2022-12-28 02:45:36.438769"], ["updated_at", "2022-12-28 02:45:36.438769"], ["password", "[FILTERED]"], ["password_digest", "[FILTERED]"]]
  [1m[36mTRANSACTION (3.2ms)[0m  [1m[35mCOMMIT[0m
  [1m[36mTRANSACTION (0.1ms)[0m  [1m[35mBEGIN[0m
  [1m[36mStudent Load (0.2ms)[0m  [1m[34mSELECT "students".* FROM "students" WHERE "students"."id" = $1 LIMIT $2[0m  [["id", 1], ["LIMIT", 1]]
  [1m[36mSkill Create (4.9ms)[0m  [1m[32mINSERT INTO "skills" ("skill_name", "created_at", "updated_at", "student_id") VALUES ($1, $2, $3, $4) RETURNING "id"[0m  [["skill_name", "Ruby"], ["created_at", "2022-12-28 02:45:36.455895"], ["updated_at", "2022-12-28 02:45:36.455895"], ["student_id", 1]]
  [1m[36mTRANSACTION (0.1ms)[0m  [1m[35mCOMMIT[0m
  [1m[36mActiveRecord::SchemaMigration Pluck (0.6ms)[0m  [1m[34mSELECT "schema_migrations"."version" FROM "schema_migrations" ORDER BY "schema_migrations"."version" ASC[0m
  [1m[36mActiveRecord::SchemaMigration Pluck (0.4ms)[0m  [1m[34mSELECT "schema_migrations"."version" FROM "schema_migrations" ORDER BY "schema_migrations"."version" ASC[0m
  [1m[36mActiveRecord::SchemaMigration Pluck (0.5ms)[0m  [1m[34mSELECT "schema_migrations"."version" FROM "schema_migrations" ORDER BY "schema_migrations"."version" ASC[0m
  [1m[36mTRANSACTION (0.2ms)[0m  [1m[35mBEGIN[0m
  [1m[36mStudent Exists? (1.3ms)[0m  [1m[34mSELECT 1 AS one FROM "students" WHERE "students"."email" = $1 LIMIT $2[0m  [["email", "test@person.com"], ["LIMIT", 1]]
  [1m[36mTRANSACTION (0.2ms)[0m  [1m[31mROLLBACK[0m
  [1m[36mActiveRecord::SchemaMigration Pluck (0.9ms)[0m  [1m[34mSELECT "schema_migrations"."version" FROM "schema_migrations" ORDER BY "schema_migrations"."version" ASC[0m
  [1m[36mTRANSACTION (0.1ms)[0m  [1m[35mBEGIN[0m
  [1m[36mStudent Load (0.3ms)[0m  [1m[34mSELECT "students".* FROM "students" WHERE "students"."id" = $1 LIMIT $2[0m  [["id", 2], ["LIMIT", 1]]
  [1m[36mExperience Create (0.8ms)[0m  [1m[32mINSERT INTO "experiences" ("start_date", "end_date", "job_title", "company_name", "details", "created_at", "updated_at", "student_id") VALUES ($1, $2, $3, $4, $5, $6, $7, $8) RETURNING "id"[0m  [["start_date", 20221201], ["end_date", 20240101], ["job_title", "CAD Technician"], ["company_name", "Company X"], ["details", "Created assembly drawings and CAD files for R&D Equipment"], ["created_at", "2022-12-28 02:48:17.768165"], ["updated_at", "2022-12-28 02:48:17.768165"], ["student_id", 2]]
  [1m[36mTRANSACTION (0.2ms)[0m  [1m[35mCOMMIT[0m
  [1m[36mActiveRecord::SchemaMigration Pluck (0.4ms)[0m  [1m[34mSELECT "schema_migrations"."version" FROM "schema_migrations" ORDER BY "schema_migrations"."version" ASC[0m
  [1m[36mActiveRecord::SchemaMigration Pluck (0.6ms)[0m  [1m[34mSELECT "schema_migrations"."version" FROM "schema_migrations" ORDER BY "schema_migrations"."version" ASC[0m
  [1m[36mTRANSACTION (0.1ms)[0m  [1m[35mBEGIN[0m
  [1m[36mStudent Load (0.3ms)[0m  [1m[34mSELECT "students".* FROM "students" WHERE "students"."id" = $1 LIMIT $2[0m  [["id", 1], ["LIMIT", 1]]
  [1m[36mEducation Create (2.5ms)[0m  [1m[32mINSERT INTO "educations" ("start_date", "end_date", "degree", "university_name", "details", "created_at", "updated_at", "student_id") VALUES ($1, $2, $3, $4, $5, $6, $7, $8) RETURNING "id"[0m  [["start_date", 20221201], ["end_date", 20240101], ["degree", "Bachelor's"], ["university_name", "Columbia"], ["details", "Learned all about everything"], ["created_at", "2022-12-28 02:55:49.303447"], ["updated_at", "2022-12-28 02:55:49.303447"], ["student_id", 1]]
  [1m[36mTRANSACTION (0.2ms)[0m  [1m[35mCOMMIT[0m
  [1m[36mTRANSACTION (0.0ms)[0m  [1m[35mBEGIN[0m
  [1m[36mStudent Load (0.1ms)[0m  [1m[34mSELECT "students".* FROM "students" WHERE "students"."id" = $1 LIMIT $2[0m  [["id", 2], ["LIMIT", 1]]
  [1m[36mCapstone Create (0.7ms)[0m  [1m[32mINSERT INTO "capstones" ("name", "description", "url", "screenshot", "created_at", "updated_at", "student_id") VALUES ($1, $2, $3, $4, $5, $6, $7) RETURNING "id"[0m  [["name", "My Capstone"], ["description", "description of capstone"], ["url", "google.com"], ["screenshot", "screenshot goes here"], ["created_at", "2022-12-28 02:55:49.312365"], ["updated_at", "2022-12-28 02:55:49.312365"], ["student_id", 2]]
  [1m[36mTRANSACTION (0.2ms)[0m  [1m[35mCOMMIT[0m
Started GET "/students" for ::1 at 2022-12-27 21:57:36 -0500
  [1m[36mActiveRecord::SchemaMigration Pluck (0.6ms)[0m  [1m[34mSELECT "schema_migrations"."version" FROM "schema_migrations" ORDER BY "schema_migrations"."version" ASC[0m
Processing by StudentsController#index as HTML
  [1m[36mStudent Load (1.2ms)[0m  [1m[34mSELECT "students".* FROM "students"[0m
  ↳ app/controllers/students_controller.rb:4:in `index'
Completed 200 OK in 15ms (Views: 0.2ms | ActiveRecord: 6.4ms | Allocations: 15254)


Started GET "/experiences" for ::1 at 2022-12-27 21:57:42 -0500
  
SyntaxError (/Users/juliagrimes/Documents/Actualize/team-api/app/controllers/experiences_controller.rb:52: syntax error, unexpected `end', expecting end-of-input):
  
app/controllers/experiences_controller.rb:52: syntax error, unexpected `end', expecting end-of-input
app/controllers/experiences_controller.rb:52: syntax error, unexpected `end', expecting end-of-input
Started GET "/experiences" for ::1 at 2022-12-27 21:58:04 -0500
Processing by ExperiencesController#index as HTML
  [1m[36mExperience Load (1.1ms)[0m  [1m[34mSELECT "experiences".* FROM "experiences" ORDER BY "experiences"."id" ASC[0m
  ↳ app/controllers/experiences_controller.rb:6:in `index'
Completed 200 OK in 21ms (Views: 3.3ms | ActiveRecord: 3.9ms | Allocations: 6865)


Started GET "/educations" for ::1 at 2022-12-27 21:58:08 -0500
  
SyntaxError (/Users/juliagrimes/Documents/Actualize/team-api/app/controllers/educations_controller.rb:51: syntax error, unexpected `end', expecting end-of-input):
  
app/controllers/educations_controller.rb:51: syntax error, unexpected `end', expecting end-of-input
app/controllers/educations_controller.rb:51: syntax error, unexpected `end', expecting end-of-input
Started GET "/educations" for ::1 at 2022-12-27 21:58:17 -0500
Processing by EducationsController#index as HTML
  [1m[36mEducation Load (0.3ms)[0m  [1m[34mSELECT "educations".* FROM "educations" ORDER BY "educations"."id" ASC[0m
  ↳ app/controllers/educations_controller.rb:6:in `index'
Completed 200 OK in 8ms (Views: 2.3ms | ActiveRecord: 4.1ms | Allocations: 5497)


Started GET "/skills" for ::1 at 2022-12-27 21:58:23 -0500
  
SyntaxError (/Users/juliagrimes/Documents/Actualize/team-api/app/controllers/skills_controller.rb:44: syntax error, unexpected `end', expecting end-of-input):
  
app/controllers/skills_controller.rb:44: syntax error, unexpected `end', expecting end-of-input
app/controllers/skills_controller.rb:44: syntax error, unexpected `end', expecting end-of-input
Started GET "/skills" for ::1 at 2022-12-27 21:58:31 -0500
Processing by SkillsController#index as HTML
  [1m[36mSkill Load (0.7ms)[0m  [1m[34mSELECT "skills".* FROM "skills" ORDER BY "skills"."id" ASC[0m
  ↳ app/controllers/skills_controller.rb:6:in `index'
Completed 200 OK in 8ms (Views: 1.7ms | ActiveRecord: 4.9ms | Allocations: 4232)


Started GET "/capstones" for ::1 at 2022-12-27 21:59:47 -0500
  
SyntaxError (/Users/juliagrimes/Documents/Actualize/team-api/app/controllers/capstones_controller.rb:49: syntax error, unexpected `end', expecting end-of-input):
  
app/controllers/capstones_controller.rb:49: syntax error, unexpected `end', expecting end-of-input
app/controllers/capstones_controller.rb:49: syntax error, unexpected `end', expecting end-of-input
Started GET "/capstones" for ::1 at 2022-12-27 21:59:55 -0500
Processing by CapstonesController#index as HTML
  [1m[36mCapstone Load (0.6ms)[0m  [1m[34mSELECT "capstones".* FROM "capstones" ORDER BY "capstones"."id" ASC[0m
  ↳ app/controllers/capstones_controller.rb:6:in `index'
Completed 200 OK in 10ms (Views: 2.1ms | ActiveRecord: 6.0ms | Allocations: 5736)


Started PATCH "/experiences/1.json" for 127.0.0.1 at 2022-12-27 22:04:50 -0500
Processing by ExperiencesController#update as JSON
  Parameters: {"start_date"=>"2018-01-01", "end_date"=>"2020-01-02", "job_title"=>"Lead Technician", "company_name"=>"Gillette", "details"=>"Working on a factory floor creating razor blades for Fusion line products.", "id"=>"1", "experience"=>{"start_date"=>"2018-01-01", "end_date"=>"2020-01-02", "job_title"=>"Lead Technician", "company_name"=>"Gillette", "details"=>"Working on a factory floor creating razor blades for Fusion line products."}}
Filter chain halted as :authenticate_student rendered or redirected
Completed 401 Unauthorized in 1ms (Views: 0.2ms | ActiveRecord: 1.4ms | Allocations: 479)


Started POST "/sessions.json" for 127.0.0.1 at 2022-12-27 22:04:56 -0500
Processing by SessionsController#create as JSON
  Parameters: {"email"=>"test@test.com", "password"=>"[FILTERED]", "session"=>{"email"=>"test@test.com", "password"=>"[FILTERED]"}}
  [1m[36mStudent Load (0.2ms)[0m  [1m[34mSELECT "students".* FROM "students" WHERE "students"."email" = $1 LIMIT $2[0m  [["email", "test@test.com"], ["LIMIT", 1]]
  ↳ app/controllers/sessions_controller.rb:3:in `create'
Completed 201 Created in 279ms (Views: 0.1ms | ActiveRecord: 3.9ms | Allocations: 7683)


Started PATCH "/experiences/1.json" for 127.0.0.1 at 2022-12-27 22:05:11 -0500
Processing by ExperiencesController#update as JSON
  Parameters: {"start_date"=>"2018-01-01", "end_date"=>"2020-01-02", "job_title"=>"Lead Technician", "company_name"=>"Gillette", "details"=>"Working on a factory floor creating razor blades for Fusion line products.", "id"=>"1", "experience"=>{"start_date"=>"2018-01-01", "end_date"=>"2020-01-02", "job_title"=>"Lead Technician", "company_name"=>"Gillette", "details"=>"Working on a factory floor creating razor blades for Fusion line products."}}
  [1m[36mStudent Load (0.2ms)[0m  [1m[34mSELECT "students".* FROM "students" WHERE "students"."id" = $1 LIMIT $2[0m  [["id", 1], ["LIMIT", 1]]
  ↳ app/controllers/application_controller.rb:13:in `current_student'
  [1m[36mExperience Load (0.3ms)[0m  [1m[34mSELECT "experiences".* FROM "experiences" WHERE "experiences"."id" = $1 LIMIT $2[0m  [["id", 1], ["LIMIT", 1]]
  ↳ app/controllers/experiences_controller.rb:31:in `update'
  [1m[36mTRANSACTION (0.2ms)[0m  [1m[35mBEGIN[0m
  ↳ app/controllers/experiences_controller.rb:37:in `update'
  [1m[36mStudent Load (0.2ms)[0m  [1m[34mSELECT "students".* FROM "students" WHERE "students"."id" = $1 LIMIT $2[0m  [["id", 2], ["LIMIT", 1]]
  ↳ app/controllers/experiences_controller.rb:37:in `update'
  [1m[36mExperience Update (0.3ms)[0m  [1m[33mUPDATE "experiences" SET "start_date" = $1, "end_date" = $2, "job_title" = $3, "company_name" = $4, "details" = $5, "updated_at" = $6 WHERE "experiences"."id" = $7[0m  [["start_date", "2018-01-01"], ["end_date", "2020-01-02"], ["job_title", "Lead Technician"], ["company_name", "Gillette"], ["details", "Working on a factory floor creating razor blades for Fusion line products."], ["updated_at", "2022-12-28 03:05:11.047180"], ["id", 1]]
  ↳ app/controllers/experiences_controller.rb:37:in `update'
  [1m[36mTRANSACTION (4.3ms)[0m  [1m[35mCOMMIT[0m
  ↳ app/controllers/experiences_controller.rb:37:in `update'
Completed 200 OK in 27ms (Views: 0.4ms | ActiveRecord: 7.0ms | Allocations: 8293)


